Building DAG of jobs...
Relative file path './raw_bed' starts with './'. This is redundant and strongly discouraged. It can also lead to inconsistent results of the file-matching approach used by Snakemake. You can simply omit the './' for relative file paths.
Provided cores: 1
Rules claiming more threads will be scaled down.
Job counts:
	count	jobs
	1	all
	13	bedtools_intersect_ill
	1	extract_num_SVs
	13	inheritance_modify_ill
	1	inheritance_stat_ill
	29

rule bedtools_intersect_ill:
    input: raw_bed/GMKFC34316.10X.bed, raw_bed/GMKFC34315.10X.bed, raw_bed/GMKFC34314.10X.bed
    output: raw_bed/inheritance_ill/959.fa_pb.ill.bed, raw_bed/inheritance_ill/959.mo_pb.ill.bed
    jobid: 133
    wildcards: bed_path=raw_bed, inheri_filder=inheritance_ill, fam=959

Touching output file raw_bed/inheritance_ill/959.fa_pb.ill.bed.
Touching output file raw_bed/inheritance_ill/959.mo_pb.ill.bed.
Finished job 133.
1 of 29 steps (3%) done

rule bedtools_intersect_ill:
    input: raw_bed/GMKFC33894.10X.bed, raw_bed/GMKFC33893.10X.bed, raw_bed/GMKFC33892.10X.bed
    output: raw_bed/inheritance_ill/699.fa_pb.ill.bed, raw_bed/inheritance_ill/699.mo_pb.ill.bed
    jobid: 110
    wildcards: bed_path=raw_bed, inheri_filder=inheritance_ill, fam=699

Touching output file raw_bed/inheritance_ill/699.fa_pb.ill.bed.
Touching output file raw_bed/inheritance_ill/699.mo_pb.ill.bed.
Finished job 110.
2 of 29 steps (7%) done

rule bedtools_intersect_ill:
    input: raw_bed/CDH321.10X.bed, raw_bed/CDH297.10X.bed, raw_bed/CDH296.10X.bed
    output: raw_bed/inheritance_ill/105.fa_pb.ill.bed, raw_bed/inheritance_ill/105.mo_pb.ill.bed
    jobid: 108
    wildcards: bed_path=raw_bed, inheri_filder=inheritance_ill, fam=105

Touching output file raw_bed/inheritance_ill/105.fa_pb.ill.bed.
Touching output file raw_bed/inheritance_ill/105.mo_pb.ill.bed.
Finished job 108.
3 of 29 steps (10%) done

rule bedtools_intersect_ill:
    input: raw_bed/GMKFC34325.10X.bed, raw_bed/GMKFC34324.10X.bed, raw_bed/GMKFC34323.10X.bed
    output: raw_bed/inheritance_ill/969.fa_pb.ill.bed, raw_bed/inheritance_ill/969.mo_pb.ill.bed
    jobid: 112
    wildcards: bed_path=raw_bed, inheri_filder=inheritance_ill, fam=969

Touching output file raw_bed/inheritance_ill/969.fa_pb.ill.bed.
Touching output file raw_bed/inheritance_ill/969.mo_pb.ill.bed.
Finished job 112.
4 of 29 steps (14%) done

rule bedtools_intersect_ill:
    input: raw_bed/GMKFC31663.10X.bed, raw_bed/GMKFC31662.10X.bed, raw_bed/GMKFC31661.10X.bed
    output: raw_bed/inheritance_ill/968.fa_pb.ill.bed, raw_bed/inheritance_ill/968.mo_pb.ill.bed
    jobid: 113
    wildcards: bed_path=raw_bed, inheri_filder=inheritance_ill, fam=968

Touching output file raw_bed/inheritance_ill/968.fa_pb.ill.bed.
Touching output file raw_bed/inheritance_ill/968.mo_pb.ill.bed.
Finished job 113.
5 of 29 steps (17%) done

rule bedtools_intersect_ill:
    input: raw_bed/GMKFC34331.10X.bed, raw_bed/GMKFC34330.10X.bed, raw_bed/GMKFC34329.10X.bed
    output: raw_bed/inheritance_ill/975.fa_pb.ill.bed, raw_bed/inheritance_ill/975.mo_pb.ill.bed
    jobid: 109
    wildcards: bed_path=raw_bed, inheri_filder=inheritance_ill, fam=975

Touching output file raw_bed/inheritance_ill/975.fa_pb.ill.bed.
Touching output file raw_bed/inheritance_ill/975.mo_pb.ill.bed.
Finished job 109.
6 of 29 steps (21%) done

rule bedtools_intersect_ill:
    input: raw_bed/CDH320.10X.bed, raw_bed/CDH319.10X.bed, raw_bed/CDH318.10X.bed
    output: raw_bed/inheritance_ill/115.fa_pb.ill.bed, raw_bed/inheritance_ill/115.mo_pb.ill.bed
    jobid: 130
    wildcards: bed_path=raw_bed, inheri_filder=inheritance_ill, fam=115

Touching output file raw_bed/inheritance_ill/115.fa_pb.ill.bed.
Touching output file raw_bed/inheritance_ill/115.mo_pb.ill.bed.
Finished job 130.
7 of 29 steps (24%) done

rule bedtools_intersect_ill:
    input: raw_bed/CDH576.10X.bed, raw_bed/CDH549.10X.bed, raw_bed/CDH577.10X.bed
    output: raw_bed/inheritance_ill/195.fa_pb.ill.bed, raw_bed/inheritance_ill/195.mo_pb.ill.bed
    jobid: 117
    wildcards: bed_path=raw_bed, inheri_filder=inheritance_ill, fam=195

Touching output file raw_bed/inheritance_ill/195.fa_pb.ill.bed.
Touching output file raw_bed/inheritance_ill/195.mo_pb.ill.bed.
Finished job 117.
8 of 29 steps (28%) done

rule bedtools_intersect_ill:
    input: raw_bed/CDH216.10X.bed, raw_bed/CDH217.10X.bed, raw_bed/CDH218.10X.bed
    output: raw_bed/inheritance_ill/78.fa_pb.ill.bed, raw_bed/inheritance_ill/78.mo_pb.ill.bed
    jobid: 121
    wildcards: bed_path=raw_bed, inheri_filder=inheritance_ill, fam=78

Touching output file raw_bed/inheritance_ill/78.fa_pb.ill.bed.
Touching output file raw_bed/inheritance_ill/78.mo_pb.ill.bed.
Finished job 121.
9 of 29 steps (31%) done

rule bedtools_intersect_ill:
    input: raw_bed/CDH5-15F.10X.bed, raw_bed/CDH5-15M.10X.bed, raw_bed/CDH05-0015.10X.bed
    output: raw_bed/inheritance_ill/05-0015.fa_pb.ill.bed, raw_bed/inheritance_ill/05-0015.mo_pb.ill.bed
    jobid: 126
    wildcards: bed_path=raw_bed, inheri_filder=inheritance_ill, fam=05-0015

Touching output file raw_bed/inheritance_ill/05-0015.fa_pb.ill.bed.
Touching output file raw_bed/inheritance_ill/05-0015.mo_pb.ill.bed.
Finished job 126.
10 of 29 steps (34%) done

rule bedtools_intersect_ill:
    input: raw_bed/NA19239.10X.bed, raw_bed/NA19238.10X.bed, raw_bed/NA19240.10X.bed
    output: raw_bed/inheritance_ill/YRI.fa_pb.ill.bed, raw_bed/inheritance_ill/YRI.mo_pb.ill.bed
    jobid: 132
    wildcards: bed_path=raw_bed, inheri_filder=inheritance_ill, fam=YRI

Touching output file raw_bed/inheritance_ill/YRI.fa_pb.ill.bed.
Touching output file raw_bed/inheritance_ill/YRI.mo_pb.ill.bed.
Finished job 132.
11 of 29 steps (38%) done

rule bedtools_intersect_ill:
    input: raw_bed/HG00512.10X.bed, raw_bed/HG00513.10X.bed, raw_bed/HG00514.10X.bed
    output: raw_bed/inheritance_ill/CHS.fa_pb.ill.bed, raw_bed/inheritance_ill/CHS.mo_pb.ill.bed
    jobid: 115
    wildcards: bed_path=raw_bed, inheri_filder=inheritance_ill, fam=CHS

Touching output file raw_bed/inheritance_ill/CHS.fa_pb.ill.bed.
Touching output file raw_bed/inheritance_ill/CHS.mo_pb.ill.bed.
Finished job 115.
12 of 29 steps (41%) done

rule bedtools_intersect_ill:
    input: raw_bed/HG00731.10X.bed, raw_bed/HG00732.10X.bed, raw_bed/HG00733.10X.bed
    output: raw_bed/inheritance_ill/PUR.fa_pb.ill.bed, raw_bed/inheritance_ill/PUR.mo_pb.ill.bed
    jobid: 128
    wildcards: bed_path=raw_bed, inheri_filder=inheritance_ill, fam=PUR

Touching output file raw_bed/inheritance_ill/PUR.fa_pb.ill.bed.
Touching output file raw_bed/inheritance_ill/PUR.mo_pb.ill.bed.
Finished job 128.
13 of 29 steps (45%) done

rule inheritance_modify_ill:
    input: raw_bed/GMKFC34325.10X.bed, raw_bed/GMKFC34324.10X.bed, raw_bed/GMKFC34323.10X.bed, raw_bed/inheritance_ill/969.fa_pb.ill.bed, raw_bed/inheritance_ill/969.mo_pb.ill.bed
    output: raw_bed/inheritance_ill/969.pb.RO10.ill.bed, raw_bed/inheritance_ill/969.pb.RO05.ill.bed
    jobid: 22
    wildcards: bed_path=raw_bed, inheri_filder=inheritance_ill, fam=969

Finished job 22.
14 of 29 steps (48%) done

rule inheritance_modify_ill:
    input: raw_bed/GMKFC34331.10X.bed, raw_bed/GMKFC34330.10X.bed, raw_bed/GMKFC34329.10X.bed, raw_bed/inheritance_ill/975.fa_pb.ill.bed, raw_bed/inheritance_ill/975.mo_pb.ill.bed
    output: raw_bed/inheritance_ill/975.pb.RO10.ill.bed, raw_bed/inheritance_ill/975.pb.RO05.ill.bed
    jobid: 12
    wildcards: bed_path=raw_bed, inheri_filder=inheritance_ill, fam=975

Finished job 12.
15 of 29 steps (52%) done

rule inheritance_modify_ill:
    input: raw_bed/CDH320.10X.bed, raw_bed/CDH319.10X.bed, raw_bed/CDH318.10X.bed, raw_bed/inheritance_ill/115.fa_pb.ill.bed, raw_bed/inheritance_ill/115.mo_pb.ill.bed
    output: raw_bed/inheritance_ill/115.pb.RO10.ill.bed, raw_bed/inheritance_ill/115.pb.RO05.ill.bed
    jobid: 98
    wildcards: bed_path=raw_bed, inheri_filder=inheritance_ill, fam=115

Finished job 98.
16 of 29 steps (55%) done

rule inheritance_modify_ill:
    input: raw_bed/CDH321.10X.bed, raw_bed/CDH297.10X.bed, raw_bed/CDH296.10X.bed, raw_bed/inheritance_ill/105.fa_pb.ill.bed, raw_bed/inheritance_ill/105.mo_pb.ill.bed
    output: raw_bed/inheritance_ill/105.pb.RO10.ill.bed, raw_bed/inheritance_ill/105.pb.RO05.ill.bed
    jobid: 8
    wildcards: bed_path=raw_bed, inheri_filder=inheritance_ill, fam=105

Finished job 8.
17 of 29 steps (59%) done

rule inheritance_modify_ill:
    input: raw_bed/GMKFC34316.10X.bed, raw_bed/GMKFC34315.10X.bed, raw_bed/GMKFC34314.10X.bed, raw_bed/inheritance_ill/959.fa_pb.ill.bed, raw_bed/inheritance_ill/959.mo_pb.ill.bed
    output: raw_bed/inheritance_ill/959.pb.RO10.ill.bed, raw_bed/inheritance_ill/959.pb.RO05.ill.bed
    jobid: 107
    wildcards: bed_path=raw_bed, inheri_filder=inheritance_ill, fam=959

Finished job 107.
18 of 29 steps (62%) done

rule inheritance_modify_ill:
    input: raw_bed/GMKFC31663.10X.bed, raw_bed/GMKFC31662.10X.bed, raw_bed/GMKFC31661.10X.bed, raw_bed/inheritance_ill/968.fa_pb.ill.bed, raw_bed/inheritance_ill/968.mo_pb.ill.bed
    output: raw_bed/inheritance_ill/968.pb.RO10.ill.bed, raw_bed/inheritance_ill/968.pb.RO05.ill.bed
    jobid: 24
    wildcards: bed_path=raw_bed, inheri_filder=inheritance_ill, fam=968

Finished job 24.
19 of 29 steps (66%) done

rule inheritance_modify_ill:
    input: raw_bed/CDH576.10X.bed, raw_bed/CDH549.10X.bed, raw_bed/CDH577.10X.bed, raw_bed/inheritance_ill/195.fa_pb.ill.bed, raw_bed/inheritance_ill/195.mo_pb.ill.bed
    output: raw_bed/inheritance_ill/195.pb.RO10.ill.bed, raw_bed/inheritance_ill/195.pb.RO05.ill.bed
    jobid: 39
    wildcards: bed_path=raw_bed, inheri_filder=inheritance_ill, fam=195

Finished job 39.
20 of 29 steps (69%) done

rule inheritance_modify_ill:
    input: raw_bed/GMKFC33894.10X.bed, raw_bed/GMKFC33893.10X.bed, raw_bed/GMKFC33892.10X.bed, raw_bed/inheritance_ill/699.fa_pb.ill.bed, raw_bed/inheritance_ill/699.mo_pb.ill.bed
    output: raw_bed/inheritance_ill/699.pb.RO10.ill.bed, raw_bed/inheritance_ill/699.pb.RO05.ill.bed
    jobid: 14
    wildcards: bed_path=raw_bed, inheri_filder=inheritance_ill, fam=699

Finished job 14.
21 of 29 steps (72%) done

rule inheritance_modify_ill:
    input: raw_bed/CDH216.10X.bed, raw_bed/CDH217.10X.bed, raw_bed/CDH218.10X.bed, raw_bed/inheritance_ill/78.fa_pb.ill.bed, raw_bed/inheritance_ill/78.mo_pb.ill.bed
    output: raw_bed/inheritance_ill/78.pb.RO10.ill.bed, raw_bed/inheritance_ill/78.pb.RO05.ill.bed
    jobid: 49
    wildcards: bed_path=raw_bed, inheri_filder=inheritance_ill, fam=78

Finished job 49.
22 of 29 steps (76%) done

rule inheritance_modify_ill:
    input: raw_bed/CDH5-15F.10X.bed, raw_bed/CDH5-15M.10X.bed, raw_bed/CDH05-0015.10X.bed, raw_bed/inheritance_ill/05-0015.fa_pb.ill.bed, raw_bed/inheritance_ill/05-0015.mo_pb.ill.bed
    output: raw_bed/inheritance_ill/05-0015.pb.RO10.ill.bed, raw_bed/inheritance_ill/05-0015.pb.RO05.ill.bed
    jobid: 87
    wildcards: bed_path=raw_bed, inheri_filder=inheritance_ill, fam=05-0015

Finished job 87.
23 of 29 steps (79%) done

rule inheritance_modify_ill:
    input: raw_bed/NA19239.10X.bed, raw_bed/NA19238.10X.bed, raw_bed/NA19240.10X.bed, raw_bed/inheritance_ill/YRI.fa_pb.ill.bed, raw_bed/inheritance_ill/YRI.mo_pb.ill.bed
    output: raw_bed/inheritance_ill/YRI.pb.RO10.ill.bed, raw_bed/inheritance_ill/YRI.pb.RO05.ill.bed
    jobid: 105
    wildcards: bed_path=raw_bed, inheri_filder=inheritance_ill, fam=YRI

Finished job 105.
24 of 29 steps (83%) done

rule inheritance_modify_ill:
    input: raw_bed/HG00512.10X.bed, raw_bed/HG00513.10X.bed, raw_bed/HG00514.10X.bed, raw_bed/inheritance_ill/CHS.fa_pb.ill.bed, raw_bed/inheritance_ill/CHS.mo_pb.ill.bed
    output: raw_bed/inheritance_ill/CHS.pb.RO10.ill.bed, raw_bed/inheritance_ill/CHS.pb.RO05.ill.bed
    jobid: 33
    wildcards: bed_path=raw_bed, inheri_filder=inheritance_ill, fam=CHS

Finished job 33.
25 of 29 steps (86%) done

rule inheritance_modify_ill:
    input: raw_bed/HG00731.10X.bed, raw_bed/HG00732.10X.bed, raw_bed/HG00733.10X.bed, raw_bed/inheritance_ill/PUR.fa_pb.ill.bed, raw_bed/inheritance_ill/PUR.mo_pb.ill.bed
    output: raw_bed/inheritance_ill/PUR.pb.RO10.ill.bed, raw_bed/inheritance_ill/PUR.pb.RO05.ill.bed
    jobid: 93
    wildcards: bed_path=raw_bed, inheri_filder=inheritance_ill, fam=PUR

Finished job 93.
26 of 29 steps (90%) done

rule extract_num_SVs:
    input: ./raw_bed
    output: stats/Num_SVs.Per_Samp.stat
    jobid: 83

Touching output file stats/Num_SVs.Per_Samp.stat.
Finished job 83.
27 of 29 steps (93%) done

rule inheritance_stat_ill:
    output: stats/Inheritance.ill.stat
    jobid: 64

Finished job 64.
28 of 29 steps (97%) done

localrule all:
    input: raw_bed/HG00512.10X.bed, raw_bed/HG00513.10X.bed, raw_bed/HG00514.10X.bed, raw_bed/HG00731.10X.bed, raw_bed/HG00732.10X.bed, raw_bed/HG00733.10X.bed, raw_bed/NA19238.10X.bed, raw_bed/NA19239.10X.bed, raw_bed/NA19240.10X.bed, raw_bed/CDH05-0015.10X.bed, raw_bed/CDH216.10X.bed, raw_bed/CDH217.10X.bed, raw_bed/CDH218.10X.bed, raw_bed/CDH296.10X.bed, raw_bed/CDH297.10X.bed, raw_bed/CDH318.10X.bed, raw_bed/CDH319.10X.bed, raw_bed/CDH320.10X.bed, raw_bed/CDH321.10X.bed, raw_bed/CDH5-15F.10X.bed, raw_bed/CDH5-15M.10X.bed, raw_bed/CDH549.10X.bed, raw_bed/CDH576.10X.bed, raw_bed/CDH577.10X.bed, raw_bed/GMKFC31661.10X.bed, raw_bed/GMKFC31662.10X.bed, raw_bed/GMKFC31663.10X.bed, raw_bed/GMKFC33892.10X.bed, raw_bed/GMKFC33893.10X.bed, raw_bed/GMKFC33894.10X.bed, raw_bed/GMKFC34314.10X.bed, raw_bed/GMKFC34315.10X.bed, raw_bed/GMKFC34316.10X.bed, raw_bed/GMKFC34323.10X.bed, raw_bed/GMKFC34324.10X.bed, raw_bed/GMKFC34325.10X.bed, raw_bed/GMKFC34329.10X.bed, raw_bed/GMKFC34330.10X.bed, raw_bed/GMKFC34331.10X.bed, stats/Num_SVs.Per_Samp.stat, stats/Inheritance.ill.stat, stats/Inheritance.10X.stat, raw_bed/inheritance_10X/CHS.pb.RO10.10X.bed, raw_bed/inheritance_10X/PUR.pb.RO10.10X.bed, raw_bed/inheritance_10X/YRI.pb.RO10.10X.bed, raw_bed/inheritance_10X/78.pb.RO10.10X.bed, raw_bed/inheritance_10X/105.pb.RO10.10X.bed, raw_bed/inheritance_10X/115.pb.RO10.10X.bed, raw_bed/inheritance_10X/195.pb.RO10.10X.bed, raw_bed/inheritance_10X/05-0015.pb.RO10.10X.bed, raw_bed/inheritance_10X/699.pb.RO10.10X.bed, raw_bed/inheritance_10X/959.pb.RO10.10X.bed, raw_bed/inheritance_10X/968.pb.RO10.10X.bed, raw_bed/inheritance_10X/969.pb.RO10.10X.bed, raw_bed/inheritance_10X/975.pb.RO10.10X.bed, raw_bed/inheritance_ill/CHS.pb.RO10.ill.bed, raw_bed/inheritance_ill/PUR.pb.RO10.ill.bed, raw_bed/inheritance_ill/YRI.pb.RO10.ill.bed, raw_bed/inheritance_ill/78.pb.RO10.ill.bed, raw_bed/inheritance_ill/105.pb.RO10.ill.bed, raw_bed/inheritance_ill/115.pb.RO10.ill.bed, raw_bed/inheritance_ill/195.pb.RO10.ill.bed, raw_bed/inheritance_ill/05-0015.pb.RO10.ill.bed, raw_bed/inheritance_ill/699.pb.RO10.ill.bed, raw_bed/inheritance_ill/959.pb.RO10.ill.bed, raw_bed/inheritance_ill/968.pb.RO10.ill.bed, raw_bed/inheritance_ill/969.pb.RO10.ill.bed, raw_bed/inheritance_ill/975.pb.RO10.ill.bed, stats/CDH05-0015.SV_size, stats/CDH216.SV_size, stats/CDH217.SV_size, stats/CDH218.SV_size, stats/CDH296.SV_size, stats/CDH297.SV_size, stats/CDH318.SV_size, stats/CDH319.SV_size, stats/CDH320.SV_size, stats/CDH321.SV_size, stats/CDH5-15F.SV_size, stats/CDH5-15M.SV_size, stats/CDH549.SV_size, stats/CDH576.SV_size, stats/CDH577.SV_size, stats/GMKFC31661.SV_size, stats/GMKFC31662.SV_size, stats/GMKFC31663.SV_size, stats/GMKFC33892.SV_size, stats/GMKFC33893.SV_size, stats/GMKFC33894.SV_size, stats/GMKFC34314.SV_size, stats/GMKFC34315.SV_size, stats/GMKFC34316.SV_size, stats/GMKFC34323.SV_size, stats/GMKFC34324.SV_size, stats/GMKFC34325.SV_size, stats/GMKFC34329.SV_size, stats/GMKFC34330.SV_size, stats/GMKFC34331.SV_size, stats/HG00512.SV_size, stats/HG00513.SV_size, stats/HG00514.SV_size, stats/HG00731.SV_size, stats/HG00732.SV_size, stats/HG00733.SV_size, stats/NA19238.SV_size, stats/NA19239.SV_size, stats/NA19240.SV_size
    jobid: 0

Finished job 0.
29 of 29 steps (100%) done
